nov. 15, 2020 10:00:16 DA MANHÃ com.Agent.PriorityCarAgent setup
INFO: Agent Started
nov. 15, 2020 10:00:16 DA MANHÃ com.Behaviour.PriorityCarMovement handleIntersection
INFO: Sending request to road1-3 to stop all cars
nov. 15, 2020 10:00:16 DA MANHÃ com.Behaviour.PriorityCarRequestInitiator handleAgree
INFO: road1-3 agreed with the request
nov. 15, 2020 10:00:16 DA MANHÃ com.Behaviour.PriorityCarRequestInitiator handleInform
INFO: ambulance_first driving on road 1-3
nov. 15, 2020 10:00:16 DA MANHÃ com.Behaviour.PriorityCarSubscriptionInitiator prepareSubscriptions
INFO: Starting velocity subscription with road1-3
nov. 15, 2020 10:00:16 DA MANHÃ com.Behaviour.PriorityCarSubscriptionInitiator handleAgree
INFO: Velocity subscription with road1-3 accepted
nov. 15, 2020 10:00:18 DA MANHÃ com.Behaviour.PriorityCarSubscriptionInitiator cancelInform
INFO: Canceling subscription with road1-3
nov. 15, 2020 10:00:18 DA MANHÃ com.Behaviour.PriorityCarMovement handleEndOfRoad
INFO: ambulance_first reached end of road
nov. 15, 2020 10:00:18 DA MANHÃ com.Behaviour.PriorityCarSubscriptionInitiator handleInform
INFO: Subscription with road1-3 cancelled successfully
nov. 15, 2020 10:00:18 DA MANHÃ com.Behaviour.PriorityCarMovement handleIntersection
INFO: Sending request to road3-2 to stop all cars
nov. 15, 2020 10:00:18 DA MANHÃ com.Behaviour.PriorityCarRequestInitiator handleAgree
INFO: road3-2 agreed with the request
nov. 15, 2020 10:00:18 DA MANHÃ com.Behaviour.PriorityCarRequestInitiator handleInform
INFO: ambulance_first driving on road 3-2
nov. 15, 2020 10:00:18 DA MANHÃ com.Behaviour.PriorityCarSubscriptionInitiator prepareSubscriptions
INFO: Starting velocity subscription with road3-2
nov. 15, 2020 10:00:18 DA MANHÃ com.Behaviour.PriorityCarSubscriptionInitiator handleAgree
INFO: Velocity subscription with road3-2 accepted
nov. 15, 2020 10:00:21 DA MANHÃ com.Behaviour.PriorityCarSubscriptionInitiator handleInform
INFO: Notification with velocity change in road3-2. Setting velocity to 40.00000059604645
nov. 15, 2020 10:00:24 DA MANHÃ com.Behaviour.PriorityCarSubscriptionInitiator handleInform
INFO: Notification with velocity change in road3-2. Setting velocity to 50.0
nov. 15, 2020 10:00:28 DA MANHÃ com.Behaviour.PriorityCarSubscriptionInitiator cancelInform
INFO: Canceling subscription with road3-2
nov. 15, 2020 10:00:28 DA MANHÃ com.Behaviour.PriorityCarMovement handleEndOfRoad
INFO: ambulance_first reached end of road
nov. 15, 2020 10:00:28 DA MANHÃ com.Behaviour.PriorityCarSubscriptionInitiator handleInform
INFO: Subscription with road3-2 cancelled successfully
nov. 15, 2020 10:00:28 DA MANHÃ com.Behaviour.PriorityCarMovement onTick
INFO: Priority car arrived at destination
