nov. 15, 2020 10:00:16 DA MANHÃ com.Agent.CarAgent setup
INFO: Agent Started
nov. 15, 2020 10:00:16 DA MANHÃ com.Behaviour.CarMovement carRequest
INFO: Starting request with city to get possible paths in node 3
nov. 15, 2020 10:00:16 DA MANHÃ com.Behaviour.CarRequestInitiator handleInform
INFO: City returned 1 possible paths
nov. 15, 2020 10:00:16 DA MANHÃ com.Behaviour.CarMovement carContractNet
INFO: Starting contract net with roads in the intersection
nov. 15, 2020 10:00:16 DA MANHÃ com.Behaviour.CarNetInitiator handlePropose
INFO: Received proposal from road3-2 with value 104.84999990463257
nov. 15, 2020 10:00:16 DA MANHÃ com.Behaviour.CarNetInitiator handleAllResponses
INFO: Accepting proposal 104.84999990463257 from responder road3-2 with estimated result of 104.84999990463257
nov. 15, 2020 10:00:16 DA MANHÃ com.Behaviour.CarNetInitiator handleInform
INFO: volvo-v40 driving on road 3-2
nov. 15, 2020 10:00:16 DA MANHÃ com.Behaviour.CarSubscriptionInitiator prepareSubscriptions
INFO: Starting velocity subscription with road3-2
nov. 15, 2020 10:00:16 DA MANHÃ com.Behaviour.CarSubscriptionInitiator handleAgree
INFO: Velocity subscription with road3-2 accepted
nov. 15, 2020 10:00:18 DA MANHÃ com.Behaviour.CarSubscriptionInitiator handleInform
INFO: Notification with velocity change in road3-2. Setting velocity to 32.499998807907104
nov. 15, 2020 10:00:18 DA MANHÃ com.Behaviour.CarSubscriptionInitiator handleInform
INFO: Priority car behind me on road road3-2. Stopping
nov. 15, 2020 10:00:19 DA MANHÃ com.Behaviour.CarSubscriptionInitiator handleInform
INFO: Priority car behind me on road road3-2. Stopping
nov. 15, 2020 10:00:19 DA MANHÃ com.Behaviour.CarSubscriptionInitiator handleInform
INFO: Priority car behind me on road road3-2. Stopping
nov. 15, 2020 10:00:19 DA MANHÃ com.Behaviour.CarSubscriptionInitiator handleInform
INFO: Priority car behind me on road road3-2. Stopping
nov. 15, 2020 10:00:20 DA MANHÃ com.Behaviour.CarSubscriptionInitiator handleInform
INFO: Priority car behind me on road road3-2. Stopping
nov. 15, 2020 10:00:20 DA MANHÃ com.Behaviour.CarSubscriptionInitiator handleInform
INFO: Priority car behind me on road road3-2. Stopping
nov. 15, 2020 10:00:20 DA MANHÃ com.Behaviour.CarSubscriptionInitiator handleInform
INFO: Priority car behind me on road road3-2. Stopping
nov. 15, 2020 10:00:21 DA MANHÃ com.Behaviour.CarSubscriptionInitiator handleInform
INFO: Priority car behind me on road road3-2. Stopping
nov. 15, 2020 10:00:21 DA MANHÃ com.Behaviour.CarSubscriptionInitiator handleInform
INFO: Priority car behind me on road road3-2. Stopping
nov. 15, 2020 10:00:21 DA MANHÃ com.Behaviour.CarSubscriptionInitiator handleInform
INFO: Priority car behind me on road road3-2. Stopping
nov. 15, 2020 10:00:21 DA MANHÃ com.Behaviour.CarSubscriptionInitiator handleInform
INFO: Priority car behind me on road road3-2. Stopping
nov. 15, 2020 10:00:22 DA MANHÃ com.Behaviour.CarSubscriptionInitiator handleInform
INFO: Priority car behind me on road road3-2. Stopping
nov. 15, 2020 10:00:22 DA MANHÃ com.Behaviour.CarSubscriptionInitiator handleInform
INFO: Priority car in front of me on road road3-2. Moving again
nov. 15, 2020 10:00:24 DA MANHÃ com.Behaviour.CarSubscriptionInitiator handleInform
INFO: Notification with velocity change in road3-2. Setting velocity to 50.0
nov. 15, 2020 10:00:28 DA MANHÃ com.Behaviour.CarMovement sendEnfOfRoad
INFO: Car reached end of road3-2 sending EOF message
nov. 15, 2020 10:00:28 DA MANHÃ com.Behaviour.CarSubscriptionInitiator cancelInform
INFO: Canceling subscription with road3-2
nov. 15, 2020 10:00:28 DA MANHÃ com.Behaviour.CarSubscriptionInitiator handleInform
INFO: Subscription with road3-2 cancelled successfully
nov. 15, 2020 10:00:28 DA MANHÃ com.Behaviour.CarMovement onTick
INFO: Car arrived at destination
